<?xml version="1.0" encoding="UTF-8"?>
<!-- Generated by org.testng.reporters.JUnitReportReporter -->
<testsuite hostname="DESKTOP-D78C385" failures="0" tests="1" name="com.w2a.testcases.LoginTest" time="3.156" errors="0" timestamp="18 Dec 2023 05:11:55 GMT" skipped="0">
  <testcase classname="com.w2a.testcases.LoginTest" name="loginAsBankManager" time="3.156"/>
</testsuite> <!-- com.w2a.testcases.LoginTest -->
